0 verbose cli [
0 verbose cli   '/opt/homebrew/Cellar/node/17.6.0/bin/node',
0 verbose cli   '/opt/homebrew/bin/npm',
0 verbose cli   'install',
0 verbose cli   '@mui/lab'
0 verbose cli ]
1 info using npm@8.5.2
2 info using node@v17.6.0
3 timing npm:load:whichnode Completed in 0ms
4 timing config:load:defaults Completed in 1ms
5 timing config:load:file:/opt/homebrew/lib/node_modules/npm/npmrc Completed in 1ms
6 timing config:load:builtin Completed in 1ms
7 timing config:load:cli Completed in 0ms
8 timing config:load:env Completed in 1ms
9 timing config:load:file:/Users/paolo/Dropbox/Bristol-Uni/Hackathon/shipple/frontend/.npmrc Completed in 0ms
10 timing config:load:project Completed in 2ms
11 timing config:load:file:/Users/paolo/Dropbox/Bristol-Uni/Hackathon/shipple/frontend/~/.npmrc Completed in 0ms
12 timing config:load:user Completed in 0ms
13 timing config:load:file:/opt/homebrew/etc/npmrc Completed in 0ms
14 timing config:load:global Completed in 0ms
15 timing config:load:validate Completed in 0ms
16 timing config:load:credentials Completed in 1ms
17 timing config:load:setEnvs Completed in 1ms
18 timing config:load Completed in 8ms
19 timing npm:load:configload Completed in 8ms
20 timing npm:load:setTitle Completed in 1ms
21 timing config:load:flatten Completed in 2ms
22 timing npm:load:display Completed in 2ms
23 verbose logfile /Users/paolo/Dropbox/Bristol-Uni/Hackathon/shipple/frontend/~/.npm/_logs/2022-02-26T21_46_42_918Z-debug-0.log
24 timing npm:load:logFile Completed in 3ms
25 timing npm:load:timers Completed in 0ms
26 timing npm:load:configScope Completed in 0ms
27 timing npm:load Completed in 14ms
28 timing arborist:ctor Completed in 1ms
29 timing idealTree:init Completed in 300ms
30 timing idealTree:userRequests Completed in 2ms
31 silly idealTree buildDeps
32 silly fetch manifest @mui/lab@^5.0.0-alpha.70
33 verbose shrinkwrap failed to load node_modules/.package-lock.json out of date, updated: node_modules
34 http fetch GET 200 https://registry.npmjs.org/npm 824ms (cache miss)
35 http fetch GET 200 https://registry.npmjs.org/@mui%2flab 1667ms (cache miss)
36 silly fetch manifest @mui/material@^5.4.3
37 http fetch GET 200 https://registry.npmjs.org/@mui%2fmaterial 100ms (cache miss)
38 silly fetch manifest @emotion/react@^11.8.1
39 http fetch GET 200 https://registry.npmjs.org/@emotion%2freact 106ms (cache miss)
40 silly fetch manifest @babel/core@^7.0.0
41 http fetch GET 200 https://registry.npmjs.org/@babel%2fcore 60ms (cache miss)
42 silly fetch manifest react@^17.0.2
43 http fetch GET 200 https://registry.npmjs.org/react 103ms (cache miss)
44 silly fetch manifest @emotion/styled@^11.8.1
45 http fetch GET 200 https://registry.npmjs.org/@emotion%2fstyled 1351ms (cache miss)
46 silly fetch manifest @types/react@^16.8.6 || ^17.0.0
47 http fetch GET 200 https://registry.npmjs.org/@types%2freact 59ms (cache miss)
48 silly fetch manifest react-dom@^17.0.2
49 http fetch GET 200 https://registry.npmjs.org/react-dom 98ms (cache miss)
50 silly fetch manifest date-fns@^2.28.0
51 http fetch GET 200 https://registry.npmjs.org/date-fns 703ms (cache miss)
52 silly fetch manifest dayjs@^1.10.7
53 http fetch GET 200 https://registry.npmjs.org/dayjs 52ms (cache miss)
54 silly fetch manifest luxon@^1.28.0 || ^2.0.0
55 http fetch GET 200 https://registry.npmjs.org/luxon 763ms (cache miss)
56 silly fetch manifest moment@^2.29.1
57 http fetch GET 200 https://registry.npmjs.org/moment 49ms (cache miss)
58 silly placeDep ROOT @mui/lab@5.0.0-alpha.70 REPLACE for: frontend@0.1.0 want: ^5.0.0-alpha.70
59 timing idealTree:#root Completed in 5131ms
60 timing idealTree:node_modules/@mui/lab Completed in 0ms
61 timing idealTree:buildDeps Completed in 5132ms
62 timing idealTree:fixDepFlags Completed in 8ms
63 timing idealTree Completed in 5445ms
64 timing reify:loadTrees Completed in 5446ms
65 timing reify:diffTrees Completed in 14ms
66 silly reify moves {}
67 timing reify:retireShallow Completed in 0ms
68 timing reify:createSparse Completed in 2ms
69 timing reify:loadBundles Completed in 0ms
70 silly audit bulk request {
70 silly audit   '@ampproject/remapping': [ '2.1.2' ],
70 silly audit   '@babel/code-frame': [ '7.16.7' ],
70 silly audit   '@babel/compat-data': [ '7.17.0' ],
70 silly audit   '@babel/core': [ '7.17.5' ],
70 silly audit   semver: [ '6.3.0', '7.0.0', '7.3.5' ],
70 silly audit   '@babel/eslint-parser': [ '7.17.0' ],
70 silly audit   'eslint-scope': [ '5.1.1', '7.1.1' ],
70 silly audit   'eslint-visitor-keys': [ '2.1.0', '3.3.0' ],
70 silly audit   estraverse: [ '4.3.0', '5.3.0' ],
70 silly audit   '@babel/generator': [ '7.17.3' ],
70 silly audit   '@babel/helper-annotate-as-pure': [ '7.16.7' ],
70 silly audit   '@babel/helper-builder-binary-assignment-operator-visitor': [ '7.16.7' ],
70 silly audit   '@babel/helper-compilation-targets': [ '7.16.7' ],
70 silly audit   '@babel/helper-create-class-features-plugin': [ '7.17.6' ],
70 silly audit   '@babel/helper-create-regexp-features-plugin': [ '7.17.0' ],
70 silly audit   '@babel/helper-define-polyfill-provider': [ '0.3.1' ],
70 silly audit   '@babel/helper-environment-visitor': [ '7.16.7' ],
70 silly audit   '@babel/helper-explode-assignable-expression': [ '7.16.7' ],
70 silly audit   '@babel/helper-function-name': [ '7.16.7' ],
70 silly audit   '@babel/helper-get-function-arity': [ '7.16.7' ],
70 silly audit   '@babel/helper-hoist-variables': [ '7.16.7' ],
70 silly audit   '@babel/helper-member-expression-to-functions': [ '7.16.7' ],
70 silly audit   '@babel/helper-module-imports': [ '7.16.7' ],
70 silly audit   '@babel/helper-module-transforms': [ '7.17.6' ],
70 silly audit   '@babel/helper-optimise-call-expression': [ '7.16.7' ],
70 silly audit   '@babel/helper-plugin-utils': [ '7.16.7' ],
70 silly audit   '@babel/helper-remap-async-to-generator': [ '7.16.8' ],
70 silly audit   '@babel/helper-replace-supers': [ '7.16.7' ],
70 silly audit   '@babel/helper-simple-access': [ '7.16.7' ],
70 silly audit   '@babel/helper-skip-transparent-expression-wrappers': [ '7.16.0' ],
70 silly audit   '@babel/helper-split-export-declaration': [ '7.16.7' ],
70 silly audit   '@babel/helper-validator-identifier': [ '7.16.7' ],
70 silly audit   '@babel/helper-validator-option': [ '7.16.7' ],
70 silly audit   '@babel/helper-wrap-function': [ '7.16.8' ],
70 silly audit   '@babel/helpers': [ '7.17.2' ],
70 silly audit   '@babel/highlight': [ '7.16.10' ],
70 silly audit   '@babel/parser': [ '7.17.3' ],
70 silly audit   '@babel/plugin-bugfix-safari-id-destructuring-collision-in-function-expression': [ '7.16.7' ],
70 silly audit   '@babel/plugin-bugfix-v8-spread-parameters-in-optional-chaining': [ '7.16.7' ],
70 silly audit   '@babel/plugin-proposal-async-generator-functions': [ '7.16.8' ],
70 silly audit   '@babel/plugin-proposal-class-properties': [ '7.16.7' ],
70 silly audit   '@babel/plugin-proposal-class-static-block': [ '7.17.6' ],
70 silly audit   '@babel/plugin-proposal-decorators': [ '7.17.2' ],
70 silly audit   '@babel/plugin-proposal-dynamic-import': [ '7.16.7' ],
70 silly audit   '@babel/plugin-proposal-export-namespace-from': [ '7.16.7' ],
70 silly audit   '@babel/plugin-proposal-json-strings': [ '7.16.7' ],
70 silly audit   '@babel/plugin-proposal-logical-assignment-operators': [ '7.16.7' ],
70 silly audit   '@babel/plugin-proposal-nullish-coalescing-operator': [ '7.16.7' ],
70 silly audit   '@babel/plugin-proposal-numeric-separator': [ '7.16.7' ],
70 silly audit   '@babel/plugin-proposal-object-rest-spread': [ '7.17.3' ],
70 silly audit   '@babel/plugin-proposal-optional-catch-binding': [ '7.16.7' ],
70 silly audit   '@babel/plugin-proposal-optional-chaining': [ '7.16.7' ],
70 silly audit   '@babel/plugin-proposal-private-methods': [ '7.16.11' ],
70 silly audit   '@babel/plugin-proposal-private-property-in-object': [ '7.16.7' ],
70 silly audit   '@babel/plugin-proposal-unicode-property-regex': [ '7.16.7' ],
70 silly audit   '@babel/plugin-syntax-async-generators': [ '7.8.4' ],
70 silly audit   '@babel/plugin-syntax-bigint': [ '7.8.3' ],
70 silly audit   '@babel/plugin-syntax-class-properties': [ '7.12.13' ],
70 silly audit   '@babel/plugin-syntax-class-static-block': [ '7.14.5' ],
70 silly audit   '@babel/plugin-syntax-decorators': [ '7.17.0' ],
70 silly audit   '@babel/plugin-syntax-dynamic-import': [ '7.8.3' ],
70 silly audit   '@babel/plugin-syntax-export-namespace-from': [ '7.8.3' ],
70 silly audit   '@babel/plugin-syntax-flow': [ '7.16.7' ],
70 silly audit   '@babel/plugin-syntax-import-meta': [ '7.10.4' ],
70 silly audit   '@babel/plugin-syntax-json-strings': [ '7.8.3' ],
70 silly audit   '@babel/plugin-syntax-jsx': [ '7.16.7' ],
70 silly audit   '@babel/plugin-syntax-logical-assignment-operators': [ '7.10.4' ],
70 silly audit   '@babel/plugin-syntax-nullish-coalescing-operator': [ '7.8.3' ],
70 silly audit   '@babel/plugin-syntax-numeric-separator': [ '7.10.4' ],
70 silly audit   '@babel/plugin-syntax-object-rest-spread': [ '7.8.3' ],
70 silly audit   '@babel/plugin-syntax-optional-catch-binding': [ '7.8.3' ],
70 silly audit   '@babel/plugin-syntax-optional-chaining': [ '7.8.3' ],
70 silly audit   '@babel/plugin-syntax-private-property-in-object': [ '7.14.5' ],
70 silly audit   '@babel/plugin-syntax-top-level-await': [ '7.14.5' ],
70 silly audit   '@babel/plugin-syntax-typescript': [ '7.16.7' ],
70 silly audit   '@babel/plugin-transform-arrow-functions': [ '7.16.7' ],
70 silly audit   '@babel/plugin-transform-async-to-generator': [ '7.16.8' ],
70 silly audit   '@babel/plugin-transform-block-scoped-functions': [ '7.16.7' ],
70 silly audit   '@babel/plugin-transform-block-scoping': [ '7.16.7' ],
70 silly audit   '@babel/plugin-transform-classes': [ '7.16.7' ],
70 silly audit   '@babel/plugin-transform-computed-properties': [ '7.16.7' ],
70 silly audit   '@babel/plugin-transform-destructuring': [ '7.17.3' ],
70 silly audit   '@babel/plugin-transform-dotall-regex': [ '7.16.7' ],
70 silly audit   '@babel/plugin-transform-duplicate-keys': [ '7.16.7' ],
70 silly audit   '@babel/plugin-transform-exponentiation-operator': [ '7.16.7' ],
70 silly audit   '@babel/plugin-transform-flow-strip-types': [ '7.16.7' ],
70 silly audit   '@babel/plugin-transform-for-of': [ '7.16.7' ],
70 silly audit   '@babel/plugin-transform-function-name': [ '7.16.7' ],
70 silly audit   '@babel/plugin-transform-literals': [ '7.16.7' ],
70 silly audit   '@babel/plugin-transform-member-expression-literals': [ '7.16.7' ],
70 silly audit   '@babel/plugin-transform-modules-amd': [ '7.16.7' ],
70 silly audit   '@babel/plugin-transform-modules-commonjs': [ '7.16.8' ],
70 silly audit   '@babel/plugin-transform-modules-systemjs': [ '7.16.7' ],
70 silly audit   '@babel/plugin-transform-modules-umd': [ '7.16.7' ],
70 silly audit   '@babel/plugin-transform-named-capturing-groups-regex': [ '7.16.8' ],
70 silly audit   '@babel/plugin-transform-new-target': [ '7.16.7' ],
70 silly audit   '@babel/plugin-transform-object-super': [ '7.16.7' ],
70 silly audit   '@babel/plugin-transform-parameters': [ '7.16.7' ],
70 silly audit   '@babel/plugin-transform-property-literals': [ '7.16.7' ],
70 silly audit   '@babel/plugin-transform-react-constant-elements': [ '7.17.6' ],
70 silly audit   '@babel/plugin-transform-react-display-name': [ '7.16.7' ],
70 silly audit   '@babel/plugin-transform-react-jsx': [ '7.17.3' ],
70 silly audit   '@babel/plugin-transform-react-jsx-development': [ '7.16.7' ],
70 silly audit   '@babel/plugin-transform-react-pure-annotations': [ '7.16.7' ],
70 silly audit   '@babel/plugin-transform-regenerator': [ '7.16.7' ],
70 silly audit   '@babel/plugin-transform-reserved-words': [ '7.16.7' ],
70 silly audit   '@babel/plugin-transform-runtime': [ '7.17.0' ],
70 silly audit   '@babel/plugin-transform-shorthand-properties': [ '7.16.7' ],
70 silly audit   '@babel/plugin-transform-spread': [ '7.16.7' ],
70 silly audit   '@babel/plugin-transform-sticky-regex': [ '7.16.7' ],
70 silly audit   '@babel/plugin-transform-template-literals': [ '7.16.7' ],
70 silly audit   '@babel/plugin-transform-typeof-symbol': [ '7.16.7' ],
70 silly audit   '@babel/plugin-transform-typescript': [ '7.16.8' ],
70 silly audit   '@babel/plugin-transform-unicode-escapes': [ '7.16.7' ],
70 silly audit   '@babel/plugin-transform-unicode-regex': [ '7.16.7' ],
70 silly audit   '@babel/preset-env': [ '7.16.11' ],
70 silly audit   '@babel/preset-modules': [ '0.1.5' ],
70 silly audit   '@babel/preset-react': [ '7.16.7' ],
70 silly audit   '@babel/preset-typescript': [ '7.16.7' ],
70 silly audit   '@babel/runtime': [ '7.17.2' ],
70 silly audit   '@babel/runtime-corejs3': [ '7.17.2' ],
70 silly audit   '@babel/template': [ '7.16.7' ],
70 silly audit   '@babel/traverse': [ '7.17.3' ],
70 silly audit   '@babel/types': [ '7.17.0' ],
70 silly audit   '@bcoe/v8-coverage': [ '0.2.3' ],
70 silly audit   '@csstools/normalize.css': [ '12.0.0' ],
70 silly audit   '@csstools/postcss-color-function': [ '1.0.2' ],
70 silly audit   '@csstools/postcss-font-format-keywords': [ '1.0.0' ],
70 silly audit   '@csstools/postcss-hwb-function': [ '1.0.0' ],
70 silly audit   '@csstools/postcss-ic-unit': [ '1.0.0' ],
70 silly audit   '@csstools/postcss-is-pseudo-class': [ '2.0.0' ],
70 silly audit   '@csstools/postcss-normalize-display-values': [ '1.0.0' ],
70 silly audit   '@csstools/postcss-oklab-function': [ '1.0.1' ],
70 silly audit   '@csstools/postcss-progressive-custom-properties': [ '1.2.0' ],
70 silly audit   '@date-io/core': [ '2.13.1' ],
70 silly audit   '@date-io/date-fns': [ '2.13.1' ],
70 silly audit   '@date-io/dayjs': [ '2.13.1' ],
70 silly audit   '@date-io/luxon': [ '2.13.1' ],
70 silly audit   '@date-io/moment': [ '2.13.1' ],
70 silly audit   '@emotion/babel-plugin': [ '11.7.2' ],
70 silly audit   'babel-plugin-macros': [ '2.8.0', '3.1.0' ],
70 silly audit   cosmiconfig: [ '6.0.0', '7.0.1' ],
70 silly audit   'escape-string-regexp': [ '4.0.0', '1.0.5', '2.0.0' ],
70 silly audit   '@emotion/cache': [ '11.7.1' ],
70 silly audit   '@emotion/hash': [ '0.8.0' ],
70 silly audit   '@emotion/is-prop-valid': [ '1.1.2' ],
70 silly audit   '@emotion/memoize': [ '0.7.5' ],
70 silly audit   '@emotion/react': [ '11.8.1' ],
70 silly audit   '@emotion/serialize': [ '1.0.2' ],
70 silly audit   '@emotion/sheet': [ '1.1.0' ],
70 silly audit   '@emotion/styled': [ '11.8.1' ],
70 silly audit   '@emotion/unitless': [ '0.7.5' ],
70 silly audit   '@emotion/utils': [ '1.1.0' ],
70 silly audit   '@emotion/weak-memoize': [ '0.2.5' ],
70 silly audit   '@eslint/eslintrc': [ '1.2.0' ],
70 silly audit   argparse: [ '2.0.1', '1.0.10' ],
70 silly audit   globals: [ '13.12.1', '11.12.0' ],
70 silly audit   ignore: [ '4.0.6', '5.2.0' ],
70 silly audit   'js-yaml': [ '4.1.0', '3.14.1' ],
70 silly audit   'type-fest': [ '0.20.2', '0.16.0', '0.21.3' ],
70 silly audit   '@humanwhocodes/config-array': [ '0.9.5' ],
70 silly audit   '@humanwhocodes/object-schema': [ '1.2.1' ],
70 silly audit   '@istanbuljs/load-nyc-config': [ '1.1.0' ],
70 silly audit   camelcase: [ '5.3.1', '6.3.0' ],
70 silly audit   'find-up': [ '4.1.0', '2.1.0', '5.0.0', '3.0.0' ],
70 silly audit   'locate-path': [ '5.0.0', '2.0.0', '6.0.0', '3.0.0' ],
70 silly audit   'p-limit': [ '2.3.0', '1.3.0', '3.1.0' ],
70 silly audit   'p-locate': [ '4.1.0', '2.0.0', '5.0.0', '3.0.0' ],
70 silly audit   '@istanbuljs/schema': [ '0.1.3' ],
70 silly audit   '@jest/console': [ '27.5.1' ],
70 silly audit   'ansi-styles': [ '4.3.0', '3.2.1', '5.2.0' ],
70 silly audit   chalk: [ '4.1.2', '3.0.0', '2.4.2' ],
70 silly audit   'color-convert': [ '2.0.1', '1.9.3' ],
70 silly audit   'color-name': [ '1.1.4', '1.1.3' ],
70 silly audit   'has-flag': [ '4.0.0', '3.0.0' ],
70 silly audit   'supports-color': [ '7.2.0', '8.1.1', '5.5.0' ],
70 silly audit   '@jest/core': [ '27.5.1' ],
70 silly audit   '@jest/environment': [ '27.5.1' ],
70 silly audit   '@jest/fake-timers': [ '27.5.1' ],
70 silly audit   '@jest/globals': [ '27.5.1' ],
70 silly audit   '@jest/reporters': [ '27.5.1' ],
70 silly audit   'source-map': [ '0.6.1', '0.7.3', '0.5.7', '0.8.0-beta.0' ],
70 silly audit   '@jest/source-map': [ '27.5.1' ],
70 silly audit   '@jest/test-result': [ '27.5.1' ],
70 silly audit   '@jest/test-sequencer': [ '27.5.1' ],
70 silly audit   '@jest/transform': [ '27.5.1' ],
70 silly audit   '@jest/types': [ '27.5.1' ],
70 silly audit   '@jridgewell/resolve-uri': [ '3.0.5' ],
70 silly audit   '@jridgewell/sourcemap-codec': [ '1.4.11' ],
70 silly audit   '@jridgewell/trace-mapping': [ '0.3.4' ],
70 silly audit   '@material-ui/core': [ '4.12.3' ],
70 silly audit   '@material-ui/styles': [ '4.11.4' ],
70 silly audit   csstype: [ '2.6.19', '3.0.10' ],
70 silly audit   '@material-ui/system': [ '4.12.1' ],
70 silly audit   '@material-ui/types': [ '5.1.0' ],
70 silly audit   '@material-ui/utils': [ '4.11.2' ],
70 silly audit   '@mui/base': [ '5.0.0-alpha.69' ],
70 silly audit   '@mui/icons-material': [ '5.4.2' ],
70 silly audit   '@mui/material': [ '5.4.3' ],
70 silly audit   '@mui/private-theming': [ '5.4.2' ],
70 silly audit   '@mui/styled-engine': [ '5.4.2' ],
70 silly audit   '@mui/system': [ '5.4.3' ],
70 silly audit   '@mui/types': [ '7.1.2' ],
70 silly audit   '@mui/utils': [ '5.4.2' ],
70 silly audit   '@nodelib/fs.scandir': [ '2.1.5' ],
70 silly audit   '@nodelib/fs.stat': [ '2.0.5' ],
70 silly audit   '@nodelib/fs.walk': [ '1.2.8' ],
70 silly audit   '@pmmmwh/react-refresh-webpack-plugin': [ '0.5.4' ],
70 silly audit   '@popperjs/core': [ '2.11.2' ],
70 silly audit   '@rollup/plugin-babel': [ '5.3.1' ],
70 silly audit   '@rollup/plugin-node-resolve': [ '11.2.1' ],
70 silly audit   '@rollup/plugin-replace': [ '2.4.2' ],
70 silly audit   '@rollup/pluginutils': [ '3.1.0' ],
70 silly audit   '@types/estree': [ '0.0.39', '0.0.51' ],
70 silly audit   '@rushstack/eslint-patch': [ '1.1.0' ],
70 silly audit   '@sinonjs/commons': [ '1.8.3' ],
70 silly audit   '@sinonjs/fake-timers': [ '8.1.0' ],
70 silly audit   '@surma/rollup-plugin-off-main-thread': [ '2.2.3' ],
70 silly audit   '@svgr/babel-plugin-add-jsx-attribute': [ '5.4.0' ],
70 silly audit   '@svgr/babel-plugin-remove-jsx-attribute': [ '5.4.0' ],
70 silly audit   '@svgr/babel-plugin-remove-jsx-empty-expression': [ '5.0.1' ],
70 silly audit   '@svgr/babel-plugin-replace-jsx-attribute-value': [ '5.0.1' ],
70 silly audit   '@svgr/babel-plugin-svg-dynamic-title': [ '5.4.0' ],
70 silly audit   '@svgr/babel-plugin-svg-em-dimensions': [ '5.4.0' ],
70 silly audit   '@svgr/babel-plugin-transform-react-native-svg': [ '5.4.0' ],
70 silly audit   '@svgr/babel-plugin-transform-svg-component': [ '5.5.0' ],
70 silly audit   '@svgr/babel-preset': [ '5.5.0' ],
70 silly audit   '@svgr/core': [ '5.5.0' ],
70 silly audit   '@svgr/hast-util-to-babel-ast': [ '5.5.0' ],
70 silly audit   '@svgr/plugin-jsx': [ '5.5.0' ],
70 silly audit   '@svgr/plugin-svgo': [ '5.5.0' ],
70 silly audit   '@svgr/webpack': [ '5.5.0' ],
70 silly audit   '@testing-library/dom': [ '8.11.3' ],
70 silly audit   'aria-query': [ '5.0.0', '4.2.2' ],
70 silly audit   '@testing-library/jest-dom': [ '5.16.2' ],
70 silly audit   '@testing-library/react': [ '12.1.3' ],
70 silly audit   '@testing-library/user-event': [ '13.5.0' ],
70 silly audit   '@tootallnate/once': [ '1.1.2' ],
70 silly audit   '@trysound/sax': [ '0.2.0' ],
70 silly audit   '@types/aria-query': [ '4.2.2' ],
70 silly audit   '@types/babel__core': [ '7.1.18' ],
70 silly audit   '@types/babel__generator': [ '7.6.4' ],
70 silly audit   '@types/babel__template': [ '7.4.1' ],
70 silly audit   '@types/babel__traverse': [ '7.14.2' ],
70 silly audit   '@types/body-parser': [ '1.19.2' ],
70 silly audit   '@types/bonjour': [ '3.5.10' ],
70 silly audit   '@types/connect': [ '3.4.35' ],
70 silly audit   '@types/connect-history-api-fallback': [ '1.3.5' ],
70 silly audit   '@types/d3-color': [ '2.0.3' ],
70 silly audit   '@types/d3-interpolate': [ '2.0.2' ],
70 silly audit   '@types/d3-path': [ '2.0.1' ],
70 silly audit   '@types/d3-scale': [ '3.3.2' ],
70 silly audit   '@types/d3-shape': [ '2.1.3' ],
70 silly audit   '@types/d3-time': [ '2.1.1' ],
70 silly audit   '@types/eslint': [ '7.29.0' ],
70 silly audit   '@types/eslint-scope': [ '3.7.3' ],
70 silly audit   '@types/express': [ '4.17.13' ],
70 silly audit   '@types/express-serve-static-core': [ '4.17.28' ],
70 silly audit   '@types/graceful-fs': [ '4.1.5' ],
70 silly audit   '@types/html-minifier-terser': [ '6.1.0' ],
70 silly audit   '@types/http-proxy': [ '1.17.8' ],
70 silly audit   '@types/istanbul-lib-coverage': [ '2.0.4' ],
70 silly audit   '@types/istanbul-lib-report': [ '3.0.0' ],
70 silly audit   '@types/istanbul-reports': [ '3.0.1' ],
70 silly audit   '@types/jest': [ '27.4.1' ],
70 silly audit   '@types/json-schema': [ '7.0.9' ],
70 silly audit   '@types/json5': [ '0.0.29' ],
70 silly audit   '@types/mime': [ '1.3.2' ],
70 silly audit   '@types/node': [ '17.0.21' ],
70 silly audit   '@types/parse-json': [ '4.0.0' ],
70 silly audit   '@types/prettier': [ '2.4.4' ],
70 silly audit   '@types/prop-types': [ '15.7.4' ],
70 silly audit   '@types/q': [ '1.5.5' ],
70 silly audit   '@types/qs': [ '6.9.7' ],
70 silly audit   '@types/range-parser': [ '1.2.4' ],
70 silly audit   '@types/react': [ '17.0.39' ],
70 silly audit   '@types/react-dom': [ '17.0.11' ],
70 silly audit   '@types/react-is': [ '17.0.3' ],
70 silly audit   '@types/react-transition-group': [ '4.4.4' ],
70 silly audit   '@types/resize-observer-browser': [ '0.1.7' ],
70 silly audit   '@types/resolve': [ '1.17.1' ],
70 silly audit   '@types/retry': [ '0.12.1' ],
70 silly audit   '@types/scheduler': [ '0.16.2' ],
70 silly audit   '@types/serve-index': [ '1.9.1' ],
70 silly audit   '@types/serve-static': [ '1.13.10' ],
70 silly audit   '@types/sockjs': [ '0.3.33' ],
70 silly audit   '@types/stack-utils': [ '2.0.1' ],
70 silly audit   '@types/testing-library__jest-dom': [ '5.14.2' ],
70 silly audit   '@types/trusted-types': [ '2.0.2' ],
70 silly audit   '@types/ws': [ '8.5.1' ],
70 silly audit   '@types/yargs': [ '16.0.4' ],
70 silly audit   '@types/yargs-parser': [ '20.2.1' ],
70 silly audit   '@typescript-eslint/eslint-plugin': [ '5.12.1' ],
70 silly audit   '@typescript-eslint/experimental-utils': [ '5.12.1' ],
70 silly audit   '@typescript-eslint/parser': [ '5.12.1' ],
70 silly audit   '@typescript-eslint/scope-manager': [ '5.12.1' ],
70 silly audit   '@typescript-eslint/type-utils': [ '5.12.1' ],
70 silly audit   '@typescript-eslint/types': [ '5.12.1' ],
70 silly audit   '@typescript-eslint/typescript-estree': [ '5.12.1' ],
70 silly audit   '@typescript-eslint/utils': [ '5.12.1' ],
70 silly audit   '@typescript-eslint/visitor-keys': [ '5.12.1' ],
70 silly audit   '@webassemblyjs/ast': [ '1.11.1' ],
70 silly audit   '@webassemblyjs/floating-point-hex-parser': [ '1.11.1' ],
70 silly audit   '@webassemblyjs/helper-api-error': [ '1.11.1' ],
70 silly audit   '@webassemblyjs/helper-buffer': [ '1.11.1' ],
70 silly audit   '@webassemblyjs/helper-numbers': [ '1.11.1' ],
70 silly audit   '@webassemblyjs/helper-wasm-bytecode': [ '1.11.1' ],
70 silly audit   '@webassemblyjs/helper-wasm-section': [ '1.11.1' ],
70 silly audit   '@webassemblyjs/ieee754': [ '1.11.1' ],
70 silly audit   '@webassemblyjs/leb128': [ '1.11.1' ],
70 silly audit   '@webassemblyjs/utf8': [ '1.11.1' ],
70 silly audit   '@webassemblyjs/wasm-edit': [ '1.11.1' ],
70 silly audit   '@webassemblyjs/wasm-gen': [ '1.11.1' ],
70 silly audit   '@webassemblyjs/wasm-opt': [ '1.11.1' ],
70 silly audit   '@webassemblyjs/wasm-parser': [ '1.11.1' ],
70 silly audit   '@webassemblyjs/wast-printer': [ '1.11.1' ],
70 silly audit   '@xtuc/ieee754': [ '1.2.0' ],
70 silly audit   '@xtuc/long': [ '4.2.2' ],
70 silly audit   abab: [ '2.0.5' ],
70 silly audit   accepts: [ '1.3.8' ],
70 silly audit   acorn: [ '8.7.0', '7.4.1' ],
70 silly audit   'acorn-globals': [ '6.0.0' ],
70 silly audit   'acorn-import-assertions': [ '1.8.0' ],
70 silly audit   'acorn-jsx': [ '5.3.2' ],
70 silly audit   'acorn-node': [ '1.8.2' ],
70 silly audit   'acorn-walk': [ '7.2.0' ],
70 silly audit   address: [ '1.1.2' ],
70 silly audit   'adjust-sourcemap-loader': [ '4.0.0' ],
70 silly audit   'agent-base': [ '6.0.2' ],
70 silly audit   'aggregate-error': [ '3.1.0' ],
70 silly audit   ajv: [ '6.12.6', '8.10.0' ],
70 silly audit   'ajv-formats': [ '2.1.1' ],
70 silly audit   'json-schema-traverse': [ '1.0.0', '0.4.1' ],
70 silly audit   'ajv-keywords': [ '3.5.2', '5.1.0' ],
70 silly audit   'ansi-escapes': [ '4.3.2' ],
70 silly audit   'ansi-html-community': [ '0.0.8' ],
70 silly audit   'ansi-regex': [ '5.0.1', '6.0.1' ],
70 silly audit   anymatch: [ '3.1.2' ],
70 silly audit   arg: [ '5.0.1' ],
70 silly audit   'array-flatten': [ '2.1.2', '1.1.1' ],
70 silly audit   'array-includes': [ '3.1.4' ],
70 silly audit   'array-union': [ '2.1.0' ],
70 silly audit   'array.prototype.flat': [ '1.2.5' ],
70 silly audit   'array.prototype.flatmap': [ '1.2.5' ],
70 silly audit   asap: [ '2.0.6' ],
70 silly audit   'ast-types-flow': [ '0.0.7' ],
70 silly audit   async: [ '2.6.3', '0.9.2' ],
70 silly audit   asynckit: [ '0.4.0' ],
70 silly audit   'at-least-node': [ '1.0.0' ],
70 silly audit   atob: [ '2.1.2' ],
70 silly audit   autoprefixer: [ '10.4.2' ],
70 silly audit   'axe-core': [ '4.4.1' ],
70 silly audit   'axobject-query': [ '2.2.0' ],
70 silly audit   'babel-jest': [ '27.5.1' ],
70 silly audit   'babel-loader': [ '8.2.3' ],
70 silly audit   json5: [ '1.0.1', '2.2.0' ],
70 silly audit   'loader-utils': [ '1.4.0', '2.0.2', '3.2.0' ],
70 silly audit   'schema-utils': [ '2.7.1', '4.0.0', '2.7.0', '3.1.1' ],
70 silly audit   'babel-plugin-dynamic-import-node': [ '2.3.3' ],
70 silly audit   'babel-plugin-istanbul': [ '6.1.1' ],
70 silly audit   'babel-plugin-jest-hoist': [ '27.5.1' ],
70 silly audit   'babel-plugin-named-asset-import': [ '0.3.8' ],
70 silly audit   'babel-plugin-polyfill-corejs2': [ '0.3.1' ],
70 silly audit   'babel-plugin-polyfill-corejs3': [ '0.5.2' ],
70 silly audit   'babel-plugin-polyfill-regenerator': [ '0.3.1' ],
70 silly audit   'babel-plugin-transform-react-remove-prop-types': [ '0.4.24' ],
70 silly audit   'babel-preset-current-node-syntax': [ '1.0.1' ],
70 silly audit   'babel-preset-jest': [ '27.5.1' ],
70 silly audit   'babel-preset-react-app': [ '10.0.1' ],
70 silly audit   'balanced-match': [ '1.0.2' ],
70 silly audit   batch: [ '0.6.1' ],
70 silly audit   bfj: [ '7.0.2' ],
70 silly audit   'big.js': [ '5.2.2' ],
70 silly audit   'binary-extensions': [ '2.2.0' ],
70 silly audit   bluebird: [ '3.7.2' ],
70 silly audit   'body-parser': [ '1.19.2' ],
70 silly audit   bytes: [ '3.1.2', '3.0.0' ],
70 silly audit   debug: [ '2.6.9', '4.3.3', '3.2.7' ],
70 silly audit   'iconv-lite': [ '0.4.24', '0.6.3' ],
70 silly audit   ms: [ '2.0.0', '2.1.2', '2.1.3' ],
70 silly audit   bonjour: [ '3.5.0' ],
70 silly audit   boolbase: [ '1.0.0' ],
70 silly audit   'brace-expansion': [ '1.1.11' ],
70 silly audit   braces: [ '3.0.2' ],
70 silly audit   'browser-process-hrtime': [ '1.0.0' ],
70 silly audit   browserslist: [ '4.19.3' ],
70 silly audit   bser: [ '2.1.1' ],
70 silly audit   'buffer-from': [ '1.1.2' ],
70 silly audit   'buffer-indexof': [ '1.1.1' ],
70 silly audit   'builtin-modules': [ '3.2.0' ],
70 silly audit   'call-bind': [ '1.0.2' ],
70 silly audit   callsites: [ '3.1.0' ],
70 silly audit   'camel-case': [ '4.1.2' ],
70 silly audit   'camelcase-css': [ '2.0.1' ],
70 silly audit   'caniuse-api': [ '3.0.0' ],
70 silly audit   'caniuse-lite': [ '1.0.30001312' ],
70 silly audit   'case-sensitive-paths-webpack-plugin': [ '2.4.0' ],
70 silly audit   'char-regex': [ '1.0.2', '2.0.1' ],
70 silly audit   charcodes: [ '0.2.0' ],
70 silly audit   'check-types': [ '11.1.2' ],
70 silly audit   chokidar: [ '3.5.3' ],
70 silly audit   'glob-parent': [ '5.1.2', '6.0.2' ],
70 silly audit   'chrome-trace-event': [ '1.0.3' ],
70 silly audit   'ci-info': [ '3.3.0' ],
70 silly audit   'cjs-module-lexer': [ '1.2.2' ],
70 silly audit   classnames: [ '2.3.1' ],
70 silly audit   'clean-css': [ '5.2.4' ],
70 silly audit   'clean-stack': [ '2.2.0' ],
70 silly audit   cliui: [ '7.0.4' ],
70 silly audit   clsx: [ '1.1.1' ],
70 silly audit   co: [ '4.6.0' ],
70 silly audit   coa: [ '2.0.2' ],
70 silly audit   'collect-v8-coverage': [ '1.0.1' ],
70 silly audit   colord: [ '2.9.2' ],
70 silly audit   colorette: [ '2.0.16' ],
70 silly audit   'combined-stream': [ '1.0.8' ],
70 silly audit   commander: [ '8.3.0', '7.2.0', '2.20.3' ],
70 silly audit   'common-path-prefix': [ '3.0.0' ],
70 silly audit   'common-tags': [ '1.8.2' ],
70 silly audit   commondir: [ '1.0.1' ],
70 silly audit   compressible: [ '2.0.18' ],
70 silly audit   compression: [ '1.7.4' ],
70 silly audit   'concat-map': [ '0.0.1' ],
70 silly audit   'confusing-browser-globals': [ '1.0.11' ],
70 silly audit   'connect-history-api-fallback': [ '1.6.0' ],
70 silly audit   'content-disposition': [ '0.5.4' ],
70 silly audit   'safe-buffer': [ '5.2.1', '5.1.2' ],
70 silly audit   'content-type': [ '1.0.4' ],
70 silly audit   'convert-source-map': [ '1.8.0' ],
70 silly audit   cookie: [ '0.4.2' ],
70 silly audit   'cookie-signature': [ '1.0.6' ],
70 silly audit   'core-js': [ '3.21.1' ],
70 silly audit   'core-js-compat': [ '3.21.1' ],
70 silly audit   'core-js-pure': [ '3.21.1' ],
70 silly audit   'core-util-is': [ '1.0.3' ],
70 silly audit   'cross-spawn': [ '7.0.3' ],
70 silly audit   'crypto-random-string': [ '2.0.0' ],
70 silly audit   css: [ '3.0.0' ],
70 silly audit   'css-blank-pseudo': [ '3.0.3' ],
70 silly audit   'css-declaration-sorter': [ '6.1.4' ],
70 silly audit   'css-has-pseudo': [ '3.0.4' ],
70 silly audit   'css-loader': [ '6.6.0' ],
70 silly audit   'css-minimizer-webpack-plugin': [ '3.4.1' ],
70 silly audit   'css-prefers-color-scheme': [ '6.0.3' ],
70 silly audit   'css-select': [ '4.2.1', '2.1.0' ],
70 silly audit   'css-select-base-adapter': [ '0.1.1' ],
70 silly audit   'css-tree': [ '1.0.0-alpha.37', '1.1.3' ],
70 silly audit   'css-unit-converter': [ '1.1.2' ],
70 silly audit   'css-vendor': [ '2.0.8' ],
70 silly audit   'css-what': [ '5.1.0', '3.4.2' ],
70 silly audit   'css.escape': [ '1.5.1' ],
70 silly audit   cssdb: [ '6.4.0' ],
70 silly audit   cssesc: [ '3.0.0' ],
70 silly audit   cssnano: [ '5.0.17' ],
70 silly audit   'cssnano-preset-default': [ '5.1.12' ],
70 silly audit   'cssnano-utils': [ '3.0.2' ],
70 silly audit   csso: [ '4.2.0' ],
70 silly audit   'mdn-data': [ '2.0.14', '2.0.4' ],
70 silly audit   cssom: [ '0.4.4', '0.3.8' ],
70 silly audit   cssstyle: [ '2.3.0' ],
70 silly audit   'd3-array': [ '2.12.1' ],
70 silly audit   'd3-color': [ '2.0.0' ],
70 silly audit   'd3-format': [ '2.0.0' ],
70 silly audit   'd3-interpolate': [ '2.0.1' ],
70 silly audit   'd3-path': [ '2.0.0' ],
70 silly audit   'd3-scale': [ '3.3.0' ],
70 silly audit   'd3-shape': [ '2.1.0' ],
70 silly audit   'd3-time': [ '2.1.1' ],
70 silly audit   'd3-time-format': [ '3.0.0' ],
70 silly audit   'damerau-levenshtein': [ '1.0.8' ],
70 silly audit   'data-urls': [ '2.0.0' ],
70 silly audit   'date-fns': [ '2.28.0' ],
70 silly audit   'decimal.js': [ '10.3.1' ],
70 silly audit   'decimal.js-light': [ '2.5.1' ],
70 silly audit   'decode-uri-component': [ '0.2.0' ],
70 silly audit   dedent: [ '0.7.0' ],
70 silly audit   'deep-equal': [ '1.1.1' ],
70 silly audit   'deep-is': [ '0.1.4' ],
70 silly audit   deepmerge: [ '4.2.2' ],
70 silly audit   'default-gateway': [ '6.0.3' ],
70 silly audit   'define-lazy-prop': [ '2.0.0' ],
70 silly audit   'define-properties': [ '1.1.3' ],
70 silly audit   defined: [ '1.0.0' ],
70 silly audit   del: [ '6.0.0' ],
70 silly audit   'delayed-stream': [ '1.0.0' ],
70 silly audit   depd: [ '1.1.2' ],
70 silly audit   destroy: [ '1.0.4' ],
70 silly audit   'detect-newline': [ '3.1.0' ],
70 silly audit   'detect-node': [ '2.1.0' ],
70 silly audit   'detect-port-alt': [ '1.1.6' ],
70 silly audit   detective: [ '5.2.0' ],
70 silly audit   didyoumean: [ '1.2.2' ],
70 silly audit   'diff-sequences': [ '27.5.1' ],
70 silly audit   'dir-glob': [ '3.0.1' ],
70 silly audit   dlv: [ '1.1.3' ],
70 silly audit   'dns-equal': [ '1.0.0' ],
70 silly audit   'dns-packet': [ '1.3.4' ],
70 silly audit   'dns-txt': [ '2.0.2' ],
70 silly audit   doctrine: [ '3.0.0', '2.1.0' ],
70 silly audit   'dom-accessibility-api': [ '0.5.12' ],
70 silly audit   'dom-converter': [ '0.2.0' ],
70 silly audit   'dom-helpers': [ '5.2.1', '3.4.0' ],
70 silly audit   'dom-serializer': [ '1.3.2', '0.2.2' ],
70 silly audit   domelementtype: [ '2.2.0', '1.3.1' ],
70 silly audit   domexception: [ '2.0.1' ],
70 silly audit   'webidl-conversions': [ '5.0.0', '6.1.0', '4.0.2' ],
70 silly audit   domhandler: [ '4.3.0' ],
70 silly audit   domutils: [ '2.8.0', '1.7.0' ],
70 silly audit   'dot-case': [ '3.0.4' ],
70 silly audit   dotenv: [ '10.0.0' ],
70 silly audit   'dotenv-expand': [ '5.1.0' ],
70 silly audit   duplexer: [ '0.1.2' ],
70 silly audit   'ee-first': [ '1.1.1' ],
70 silly audit   ejs: [ '3.1.6' ],
70 silly audit   'electron-to-chromium': [ '1.4.73' ],
70 silly audit   emittery: [ '0.8.1' ],
70 silly audit   'emoji-regex': [ '9.2.2', '8.0.0' ],
70 silly audit   'emojis-list': [ '3.0.0' ],
70 silly audit   encodeurl: [ '1.0.2' ],
70 silly audit   'enhanced-resolve': [ '5.9.1' ],
70 silly audit   entities: [ '2.2.0' ],
70 silly audit   'error-ex': [ '1.3.2' ],
70 silly audit   'error-stack-parser': [ '2.0.7' ],
70 silly audit   'es-abstract': [ '1.19.1' ],
70 silly audit   'es-module-lexer': [ '0.9.3' ],
70 silly audit   'es-to-primitive': [ '1.2.1' ],
70 silly audit   escalade: [ '3.1.1' ],
70 silly audit   'escape-html': [ '1.0.3' ],
70 silly audit   escodegen: [ '2.0.0' ],
70 silly audit   levn: [ '0.3.0', '0.4.1' ],
70 silly audit   optionator: [ '0.8.3', '0.9.1' ],
70 silly audit   'prelude-ls': [ '1.1.2', '1.2.1' ],
70 silly audit   'type-check': [ '0.3.2', '0.4.0' ],
70 silly audit   eslint: [ '8.10.0' ],
70 silly audit   'eslint-config-react-app': [ '7.0.0' ],
70 silly audit   'eslint-import-resolver-node': [ '0.3.6' ],
70 silly audit   'eslint-module-utils': [ '2.7.3' ],
70 silly audit   'p-try': [ '1.0.0', '2.2.0' ],
70 silly audit   'path-exists': [ '3.0.0', '4.0.0' ],
70 silly audit   'eslint-plugin-flowtype': [ '8.0.3' ],
70 silly audit   'eslint-plugin-import': [ '2.25.4' ],
70 silly audit   'eslint-plugin-jest': [ '25.7.0' ],
70 silly audit   'eslint-plugin-jsx-a11y': [ '6.5.1' ],
70 silly audit   'eslint-plugin-react': [ '7.29.2' ],
70 silly audit   'eslint-plugin-react-hooks': [ '4.3.0' ],
70 silly audit   resolve: [ '2.0.0-next.3', '1.22.0' ],
70 silly audit   'eslint-plugin-testing-library': [ '5.0.5' ],
70 silly audit   'eslint-utils': [ '3.0.0' ],
70 silly audit   'eslint-webpack-plugin': [ '3.1.1' ],
70 silly audit   espree: [ '9.3.1' ],
70 silly audit   esprima: [ '4.0.1' ],
70 silly audit   esquery: [ '1.4.0' ],
70 silly audit   esrecurse: [ '4.3.0' ],
70 silly audit   'estree-walker': [ '1.0.1' ],
70 silly audit   esutils: [ '2.0.3' ],
70 silly audit   etag: [ '1.8.1' ],
70 silly audit   eventemitter3: [ '4.0.7' ],
70 silly audit   events: [ '3.3.0' ],
70 silly audit   execa: [ '5.1.1' ],
70 silly audit   exit: [ '0.1.2' ],
70 silly audit   expect: [ '27.5.1' ],
70 silly audit   express: [ '4.17.3' ],
70 silly audit   'fast-deep-equal': [ '3.1.3' ],
70 silly audit   'fast-equals': [ '2.0.4' ],
70 silly audit   'fast-glob': [ '3.2.11' ],
70 silly audit   'fast-json-stable-stringify': [ '2.1.0' ],
70 silly audit   'fast-levenshtein': [ '2.0.6' ],
70 silly audit   fastq: [ '1.13.0' ],
70 silly audit   'faye-websocket': [ '0.11.4' ],
70 silly audit   'fb-watchman': [ '2.0.1' ],
70 silly audit   'file-entry-cache': [ '6.0.1' ],
70 silly audit   'file-loader': [ '6.2.0' ],
70 silly audit   filelist: [ '1.0.2' ],
70 silly audit   filesize: [ '8.0.7' ],
70 silly audit   'fill-range': [ '7.0.1' ],
70 silly audit   finalhandler: [ '1.1.2' ],
70 silly audit   'find-cache-dir': [ '3.3.2' ],
70 silly audit   'find-root': [ '1.1.0' ],
70 silly audit   'flat-cache': [ '3.0.4' ],
70 silly audit   flatted: [ '3.2.5' ],
70 silly audit   'follow-redirects': [ '1.14.9' ],
70 silly audit   'fork-ts-checker-webpack-plugin': [ '6.5.0' ],
70 silly audit   'fs-extra': [ '9.1.0', '10.0.1' ],
70 silly audit   tapable: [ '1.1.3', '2.2.1' ],
70 silly audit   'form-data': [ '3.0.1' ],
70 silly audit   forwarded: [ '0.2.0' ],
70 silly audit   'fraction.js': [ '4.1.3' ],
70 silly audit   fresh: [ '0.5.2' ],
70 silly audit   'fs-monkey': [ '1.0.3' ],
70 silly audit   'fs.realpath': [ '1.0.0' ],
70 silly audit   fsevents: [ '2.3.2' ],
70 silly audit   'function-bind': [ '1.1.1' ],
70 silly audit   'functional-red-black-tree': [ '1.0.1' ],
70 silly audit   gensync: [ '1.0.0-beta.2' ],
70 silly audit   'get-caller-file': [ '2.0.5' ],
70 silly audit   'get-intrinsic': [ '1.1.1' ],
70 silly audit   'get-own-enumerable-property-symbols': [ '3.0.2' ],
70 silly audit   'get-package-type': [ '0.1.0' ],
70 silly audit   'get-stream': [ '6.0.1' ],
70 silly audit   'get-symbol-description': [ '1.0.0' ],
70 silly audit   glob: [ '7.2.0' ],
70 silly audit   'glob-to-regexp': [ '0.4.1' ],
70 silly audit   'global-modules': [ '2.0.0' ],
70 silly audit   'global-prefix': [ '3.0.0' ],
70 silly audit   which: [ '1.3.1', '2.0.2' ],
70 silly audit   globby: [ '11.1.0' ],
70 silly audit   'graceful-fs': [ '4.2.9' ],
70 silly audit   'gzip-size': [ '6.0.0' ],
70 silly audit   'handle-thing': [ '2.0.1' ],
70 silly audit   'harmony-reflect': [ '1.6.2' ],
70 silly audit   has: [ '1.0.3' ],
70 silly audit   'has-bigints': [ '1.0.1' ],
70 silly audit   'has-symbols': [ '1.0.2' ],
70 silly audit   'has-tostringtag': [ '1.0.0' ],
70 silly audit   he: [ '1.2.0' ],
70 silly audit   history: [ '5.3.0' ],
70 silly audit   'hoist-non-react-statics': [ '3.3.2' ],
70 silly audit   'react-is': [ '16.13.1', '17.0.2' ],
70 silly audit   hoopy: [ '0.1.4' ],
70 silly audit   'hpack.js': [ '2.1.6' ],
70 silly audit   'readable-stream': [ '2.3.7', '3.6.0' ],
70 silly audit   string_decoder: [ '1.1.1', '1.3.0' ],
70 silly audit   'html-encoding-sniffer': [ '2.0.1' ],
70 silly audit   'html-entities': [ '2.3.2' ],
70 silly audit   'html-escaper': [ '2.0.2' ],
70 silly audit   'html-minifier-terser': [ '6.1.0' ],
70 silly audit   'html-webpack-plugin': [ '5.5.0' ],
70 silly audit   htmlparser2: [ '6.1.0' ],
70 silly audit   'http-deceiver': [ '1.2.7' ],
70 silly audit   'http-errors': [ '1.8.1', '1.6.3' ],
70 silly audit   'http-parser-js': [ '0.5.5' ],
70 silly audit   'http-proxy': [ '1.18.1' ],
70 silly audit   'http-proxy-agent': [ '4.0.1' ],
70 silly audit   'http-proxy-middleware': [ '2.0.3' ],
70 silly audit   'https-proxy-agent': [ '5.0.0' ],
70 silly audit   'human-signals': [ '2.1.0' ],
70 silly audit   'hyphenate-style-name': [ '1.0.4' ],
70 silly audit   'icss-utils': [ '5.1.0' ],
70 silly audit   idb: [ '6.1.5' ],
70 silly audit   'identity-obj-proxy': [ '3.0.0' ],
70 silly audit   immer: [ '9.0.12' ],
70 silly audit   'import-fresh': [ '3.3.0' ],
70 silly audit   'resolve-from': [ '4.0.0', '5.0.0' ],
70 silly audit   'import-local': [ '3.1.0' ],
70 silly audit   imurmurhash: [ '0.1.4' ],
70 silly audit   'indent-string': [ '4.0.0' ],
70 silly audit   inflight: [ '1.0.6' ],
70 silly audit   inherits: [ '2.0.4', '2.0.3' ],
70 silly audit   ini: [ '1.3.8' ],
70 silly audit   'internal-slot': [ '1.0.3' ],
70 silly audit   internmap: [ '1.0.1' ],
70 silly audit   ip: [ '1.1.5' ],
70 silly audit   'ipaddr.js': [ '2.0.1', '1.9.1' ],
70 silly audit   'is-arguments': [ '1.1.1' ],
70 silly audit   'is-arrayish': [ '0.2.1' ],
70 silly audit   'is-bigint': [ '1.0.4' ],
70 silly audit   'is-binary-path': [ '2.1.0' ],
70 silly audit   'is-boolean-object': [ '1.1.2' ],
70 silly audit   'is-callable': [ '1.2.4' ],
70 silly audit   'is-core-module': [ '2.8.1' ],
70 silly audit   'is-date-object': [ '1.0.5' ],
70 silly audit   'is-docker': [ '2.2.1' ],
70 silly audit   'is-extglob': [ '2.1.1' ],
70 silly audit   'is-fullwidth-code-point': [ '3.0.0' ],
70 silly audit   'is-generator-fn': [ '2.1.0' ],
70 silly audit   'is-glob': [ '4.0.3' ],
70 silly audit   'is-in-browser': [ '1.1.3' ],
70 silly audit   'is-module': [ '1.0.0' ],
70 silly audit   'is-negative-zero': [ '2.0.2' ],
70 silly audit   'is-number': [ '7.0.0' ],
70 silly audit   'is-number-object': [ '1.0.6' ],
70 silly audit   'is-obj': [ '1.0.1' ],
70 silly audit   'is-path-cwd': [ '2.2.0' ],
70 silly audit   'is-path-inside': [ '3.0.3' ],
70 silly audit   'is-plain-obj': [ '3.0.0' ],
70 silly audit   'is-potential-custom-element-name': [ '1.0.1' ],
70 silly audit   'is-regex': [ '1.1.4' ],
70 silly audit   'is-regexp': [ '1.0.0' ],
70 silly audit   'is-root': [ '2.1.0' ],
70 silly audit   'is-shared-array-buffer': [ '1.0.1' ],
70 silly audit   'is-stream': [ '2.0.1' ],
70 silly audit   'is-string': [ '1.0.7' ],
70 silly audit   'is-symbol': [ '1.0.4' ],
70 silly audit   'is-typedarray': [ '1.0.0' ],
70 silly audit   'is-weakref': [ '1.0.2' ],
70 silly audit   'is-wsl': [ '2.2.0' ],
70 silly audit   isarray: [ '1.0.0' ],
70 silly audit   isexe: [ '2.0.0' ],
70 silly audit   'istanbul-lib-coverage': [ '3.2.0' ],
70 silly audit   'istanbul-lib-instrument': [ '5.1.0' ],
70 silly audit   'istanbul-lib-report': [ '3.0.0' ],
70 silly audit   'istanbul-lib-source-maps': [ '4.0.1' ],
70 silly audit   'istanbul-reports': [ '3.1.4' ],
70 silly audit   jake: [ '10.8.2' ],
70 silly audit   jest: [ '27.5.1' ],
70 silly audit   'jest-changed-files': [ '27.5.1' ],
70 silly audit   'jest-circus': [ '27.5.1' ],
70 silly audit   'jest-cli': [ '27.5.1' ],
70 silly audit   'jest-config': [ '27.5.1' ],
70 silly audit   'jest-diff': [ '27.5.1' ],
70 silly audit   'jest-docblock': [ '27.5.1' ],
70 silly audit   'jest-each': [ '27.5.1' ],
70 silly audit   'jest-environment-jsdom': [ '27.5.1' ],
70 silly audit   'jest-environment-node': [ '27.5.1' ],
70 silly audit   'jest-get-type': [ '27.5.1' ],
70 silly audit   'jest-haste-map': [ '27.5.1' ],
70 silly audit   'jest-jasmine2': [ '27.5.1' ],
70 silly audit   'jest-leak-detector': [ '27.5.1' ],
70 silly audit   'jest-matcher-utils': [ '27.5.1' ],
70 silly audit   'jest-message-util': [ '27.5.1' ],
70 silly audit   'jest-mock': [ '27.5.1' ],
70 silly audit   'jest-pnp-resolver': [ '1.2.2' ],
70 silly audit   'jest-regex-util': [ '27.5.1' ],
70 silly audit   'jest-resolve': [ '27.5.1' ],
70 silly audit   'jest-resolve-dependencies': [ '27.5.1' ],
70 silly audit   'jest-runner': [ '27.5.1' ],
70 silly audit   'jest-runtime': [ '27.5.1' ],
70 silly audit   'jest-serializer': [ '27.5.1' ],
70 silly audit   'jest-snapshot': [ '27.5.1' ],
70 silly audit   'jest-util': [ '27.5.1' ],
70 silly audit   'jest-validate': [ '27.5.1' ],
70 silly audit   'jest-watch-typeahead': [ '1.0.0' ],
70 silly audit   slash: [ '4.0.0', '3.0.0' ],
70 silly audit   'string-length': [ '5.0.1', '4.0.2' ],
70 silly audit   'strip-ansi': [ '7.0.1', '6.0.1' ],
70 silly audit   'jest-watcher': [ '27.5.1' ],
70 silly audit   'jest-worker': [ '27.5.1', '26.6.2' ],
70 silly audit   'js-tokens': [ '4.0.0' ],
70 silly audit   jsdom: [ '16.7.0' ],
70 silly audit   jsesc: [ '2.5.2', '0.5.0' ],
70 silly audit   'json-parse-better-errors': [ '1.0.2' ],
70 silly audit   'json-parse-even-better-errors': [ '2.3.1' ],
70 silly audit   'json-schema': [ '0.4.0' ],
70 silly audit   'json-stable-stringify-without-jsonify': [ '1.0.1' ],
70 silly audit   jsonfile: [ '6.1.0' ],
70 silly audit   jsonpointer: [ '5.0.0' ],
70 silly audit   jss: [ '10.9.0' ],
70 silly audit   'jss-plugin-camel-case': [ '10.9.0' ],
70 silly audit   'jss-plugin-default-unit': [ '10.9.0' ],
70 silly audit   'jss-plugin-global': [ '10.9.0' ],
70 silly audit   'jss-plugin-nested': [ '10.9.0' ],
70 silly audit   'jss-plugin-props-sort': [ '10.9.0' ],
70 silly audit   'jss-plugin-rule-value-function': [ '10.9.0' ],
70 silly audit   'jss-plugin-vendor-prefixer': [ '10.9.0' ],
70 silly audit   'jsx-ast-utils': [ '3.2.1' ],
70 silly audit   'kind-of': [ '6.0.3' ],
70 silly audit   kleur: [ '3.0.3' ],
70 silly audit   klona: [ '2.0.5' ],
70 silly audit   'language-subtag-registry': [ '0.3.21' ],
70 silly audit   'language-tags': [ '1.0.5' ],
70 silly audit   leven: [ '3.1.0' ],
70 silly audit   lilconfig: [ '2.0.4' ],
70 silly audit   'lines-and-columns': [ '1.2.4' ],
70 silly audit   'loader-runner': [ '4.2.0' ],
70 silly audit   lodash: [ '4.17.21' ],
70 silly audit   'lodash.debounce': [ '4.0.8' ],
70 silly audit   'lodash.memoize': [ '4.1.2' ],
70 silly audit   'lodash.merge': [ '4.6.2' ],
70 silly audit   'lodash.sortby': [ '4.7.0' ],
70 silly audit   'lodash.uniq': [ '4.5.0' ],
70 silly audit   'loose-envify': [ '1.4.0' ],
70 silly audit   'lower-case': [ '2.0.2' ],
70 silly audit   'lru-cache': [ '6.0.0' ],
70 silly audit   'lz-string': [ '1.4.4' ],
70 silly audit   'magic-string': [ '0.25.7' ],
70 silly audit   'make-dir': [ '3.1.0' ],
70 silly audit   makeerror: [ '1.0.12' ],
70 silly audit   'media-typer': [ '0.3.0' ],
70 silly audit   memfs: [ '3.4.1' ],
70 silly audit   'merge-descriptors': [ '1.0.1' ],
70 silly audit   'merge-stream': [ '2.0.0' ],
70 silly audit   merge2: [ '1.4.1' ],
70 silly audit   methods: [ '1.1.2' ],
70 silly audit   micromatch: [ '4.0.4' ],
70 silly audit   mime: [ '1.6.0' ],
70 silly audit   'mime-db': [ '1.51.0' ],
70 silly audit   'mime-types': [ '2.1.34' ],
70 silly audit   'mimic-fn': [ '2.1.0' ],
70 silly audit   'min-indent': [ '1.0.1' ],
70 silly audit   'mini-css-extract-plugin': [ '2.5.3' ],
70 silly audit   'minimalistic-assert': [ '1.0.1' ],
70 silly audit   minimatch: [ '3.1.2', '3.0.4' ],
70 silly audit   minimist: [ '1.2.5' ],
70 silly audit   mkdirp: [ '0.5.5' ],
70 silly audit   'multicast-dns': [ '6.2.3' ],
70 silly audit   'multicast-dns-service-types': [ '1.1.0' ],
70 silly audit   nanoid: [ '3.3.1' ],
70 silly audit   'natural-compare': [ '1.4.0' ],
70 silly audit   negotiator: [ '0.6.3' ],
70 silly audit   'neo-async': [ '2.6.2' ],
70 silly audit   'no-case': [ '3.0.4' ],
70 silly audit   'node-forge': [ '1.2.1' ],
70 silly audit   'node-int64': [ '0.4.0' ],
70 silly audit   'node-releases': [ '2.0.2' ],
70 silly audit   'normalize-path': [ '3.0.0' ],
70 silly audit   'normalize-range': [ '0.1.2' ],
70 silly audit   'normalize-url': [ '6.1.0' ],
70 silly audit   'npm-run-path': [ '4.0.1' ],
70 silly audit   'nth-check': [ '2.0.1', '1.0.2' ],
70 silly audit   nwsapi: [ '2.2.0' ],
70 silly audit   'object-assign': [ '4.1.1' ],
70 silly audit   'object-hash': [ '2.2.0' ],
70 silly audit   'object-inspect': [ '1.12.0' ],
70 silly audit   'object-is': [ '1.1.5' ],
70 silly audit   'object-keys': [ '1.1.1' ],
70 silly audit   'object.assign': [ '4.1.2' ],
70 silly audit   'object.entries': [ '1.1.5' ],
70 silly audit   'object.fromentries': [ '2.0.5' ],
70 silly audit   'object.getownpropertydescriptors': [ '2.1.3' ],
70 silly audit   'object.hasown': [ '1.1.0' ],
70 silly audit   'object.values': [ '1.1.5' ],
70 silly audit   obuf: [ '1.1.2' ],
70 silly audit   'on-finished': [ '2.3.0' ],
70 silly audit   'on-headers': [ '1.0.2' ],
70 silly audit   once: [ '1.4.0' ],
70 silly audit   onetime: [ '5.1.2' ],
70 silly audit   open: [ '8.4.0' ],
70 silly audit   'p-map': [ '4.0.0' ],
70 silly audit   'p-retry': [ '4.6.1' ],
70 silly audit   'param-case': [ '3.0.4' ],
70 silly audit   'parent-module': [ '1.0.1' ],
70 silly audit   'parse-json': [ '5.2.0' ],
70 silly audit   parse5: [ '6.0.1' ],
70 silly audit   parseurl: [ '1.3.3' ],
70 silly audit   'pascal-case': [ '3.1.2' ],
70 silly audit   'path-is-absolute': [ '1.0.1' ],
70 silly audit   'path-key': [ '3.1.1' ],
70 silly audit   'path-parse': [ '1.0.7' ],
70 silly audit   'path-to-regexp': [ '0.1.7' ],
70 silly audit   'path-type': [ '4.0.0' ],
70 silly audit   'performance-now': [ '2.1.0' ],
70 silly audit   picocolors: [ '1.0.0', '0.2.1' ],
70 silly audit   picomatch: [ '2.3.1' ],
70 silly audit   pirates: [ '4.0.5' ],
70 silly audit   'pkg-dir': [ '4.2.0' ],
70 silly audit   'pkg-up': [ '3.1.0' ],
70 silly audit   'popper.js': [ '1.16.1-lts' ],
70 silly audit   portfinder: [ '1.0.28' ],
70 silly audit   postcss: [ '8.4.7', '7.0.39' ],
70 silly audit   'postcss-attribute-case-insensitive': [ '5.0.0' ],
70 silly audit   'postcss-browser-comments': [ '4.0.0' ],
70 silly audit   'postcss-calc': [ '8.2.4' ],
70 silly audit   'postcss-clamp': [ '4.0.0' ],
70 silly audit   'postcss-color-functional-notation': [ '4.2.2' ],
70 silly audit   'postcss-color-hex-alpha': [ '8.0.3' ],
70 silly audit   'postcss-color-rebeccapurple': [ '7.0.2' ],
70 silly audit   'postcss-colormin': [ '5.2.5' ],
70 silly audit   'postcss-convert-values': [ '5.0.4' ],
70 silly audit   'postcss-custom-media': [ '8.0.0' ],
70 silly audit   'postcss-custom-properties': [ '12.1.4' ],
70 silly audit   'postcss-custom-selectors': [ '6.0.0' ],
70 silly audit   'postcss-dir-pseudo-class': [ '6.0.4' ],
70 silly audit   'postcss-discard-comments': [ '5.0.3' ],
70 silly audit   'postcss-discard-duplicates': [ '5.0.3' ],
70 silly audit   'postcss-discard-empty': [ '5.0.3' ],
70 silly audit   'postcss-discard-overridden': [ '5.0.4' ],
70 silly audit   'postcss-double-position-gradients': [ '3.1.0' ],
70 silly audit   'postcss-env-function': [ '4.0.5' ],
70 silly audit   'postcss-flexbugs-fixes': [ '5.0.2' ],
70 silly audit   'postcss-focus-visible': [ '6.0.4' ],
70 silly audit   'postcss-focus-within': [ '5.0.4' ],
70 silly audit   'postcss-font-variant': [ '5.0.0' ],
70 silly audit   'postcss-gap-properties': [ '3.0.3' ],
70 silly audit   'postcss-image-set-function': [ '4.0.6' ],
70 silly audit   'postcss-initial': [ '4.0.1' ],
70 silly audit   'postcss-js': [ '4.0.0' ],
70 silly audit   'postcss-lab-function': [ '4.1.1' ],
70 silly audit   'postcss-load-config': [ '3.1.3' ],
70 silly audit   'postcss-loader': [ '6.2.1' ],
70 silly audit   'postcss-logical': [ '5.0.4' ],
70 silly audit   'postcss-media-minmax': [ '5.0.0' ],
70 silly audit   'postcss-merge-longhand': [ '5.0.6' ],
70 silly audit   'postcss-merge-rules': [ '5.0.6' ],
70 silly audit   'postcss-minify-font-values': [ '5.0.4' ],
70 silly audit   'postcss-minify-gradients': [ '5.0.6' ],
70 silly audit   'postcss-minify-params': [ '5.0.5' ],
70 silly audit   'postcss-minify-selectors': [ '5.1.3' ],
70 silly audit   'postcss-modules-extract-imports': [ '3.0.0' ],
70 silly audit   'postcss-modules-local-by-default': [ '4.0.0' ],
70 silly audit   'postcss-modules-scope': [ '3.0.0' ],
70 silly audit   'postcss-modules-values': [ '4.0.0' ],
70 silly audit   'postcss-nested': [ '5.0.6' ],
70 silly audit   'postcss-nesting': [ '10.1.2' ],
70 silly audit   'postcss-normalize': [ '10.0.1' ],
70 silly audit   'postcss-normalize-charset': [ '5.0.3' ],
70 silly audit   'postcss-normalize-display-values': [ '5.0.3' ],
70 silly audit   'postcss-normalize-positions': [ '5.0.4' ],
70 silly audit   'postcss-normalize-repeat-style': [ '5.0.4' ],
70 silly audit   'postcss-normalize-string': [ '5.0.4' ],
70 silly audit   'postcss-normalize-timing-functions': [ '5.0.3' ],
70 silly audit   'postcss-normalize-unicode': [ '5.0.4' ],
70 silly audit   'postcss-normalize-url': [ '5.0.5' ],
70 silly audit   'postcss-normalize-whitespace': [ '5.0.4' ],
70 silly audit   'postcss-opacity-percentage': [ '1.1.2' ],
70 silly audit   'postcss-ordered-values': [ '5.0.5' ],
70 silly audit   'postcss-overflow-shorthand': [ '3.0.3' ],
70 silly audit   'postcss-page-break': [ '3.0.4' ],
70 silly audit   'postcss-place': [ '7.0.4' ],
70 silly audit   'postcss-preset-env': [ '7.4.1' ],
70 silly audit   'postcss-pseudo-class-any-link': [ '7.1.1' ],
70 silly audit   'postcss-reduce-initial': [ '5.0.3' ],
70 silly audit   'postcss-reduce-transforms': [ '5.0.4' ],
70 silly audit   'postcss-replace-overflow-wrap': [ '4.0.0' ],
70 silly audit   'postcss-selector-not': [ '5.0.0' ],
70 silly audit   'postcss-selector-parser': [ '6.0.9' ],
70 silly audit   'postcss-svgo': [ '5.0.4' ],
70 silly audit   svgo: [ '2.8.0', '1.3.2' ],
70 silly audit   'postcss-unique-selectors': [ '5.0.4' ],
70 silly audit   'postcss-value-parser': [ '4.2.0', '3.3.1' ],
70 silly audit   'pretty-bytes': [ '5.6.0' ],
70 silly audit   'pretty-error': [ '4.0.0' ],
70 silly audit   'pretty-format': [ '27.5.1' ],
70 silly audit   'process-nextick-args': [ '2.0.1' ],
70 silly audit   promise: [ '8.1.0' ],
70 silly audit   prompts: [ '2.4.2' ],
70 silly audit   'prop-types': [ '15.8.1' ],
70 silly audit   'proxy-addr': [ '2.0.7' ],
70 silly audit   psl: [ '1.8.0' ],
70 silly audit   punycode: [ '2.1.1' ],
70 silly audit   q: [ '1.5.1' ],
70 silly audit   qs: [ '6.9.7' ],
70 silly audit   'queue-microtask': [ '1.2.3' ],
70 silly audit   'quick-lru': [ '5.1.1' ],
70 silly audit   raf: [ '3.4.1' ],
70 silly audit   randombytes: [ '2.1.0' ],
70 silly audit   'range-parser': [ '1.2.1' ],
70 silly audit   'raw-body': [ '2.4.3' ],
70 silly audit   react: [ '17.0.2' ],
70 silly audit   'react-app-polyfill': [ '3.0.0' ],
70 silly audit   'react-dev-utils': [ '12.0.0' ],
70 silly audit   'react-dom': [ '17.0.2' ],
70 silly audit   'react-error-overlay': [ '6.0.10' ],
70 silly audit   'react-lifecycles-compat': [ '3.0.4' ],
70 silly audit   'react-refresh': [ '0.11.0' ],
70 silly audit   'react-resize-detector': [ '6.7.8' ],
70 silly audit   'react-router': [ '6.2.1' ],
70 silly audit   'react-router-dom': [ '6.2.1' ],
70 silly audit   'react-scripts': [ '5.0.0' ],
70 silly audit   'react-smooth': [ '2.0.0' ],
70 silly audit   'react-transition-group': [ '2.9.0', '4.4.2' ],
70 silly audit   readdirp: [ '3.6.0' ],
70 silly audit   recharts: [ '2.1.9' ],
70 silly audit   'recharts-scale': [ '0.4.5' ],
70 silly audit   'recursive-readdir': [ '2.2.2' ],
70 silly audit   redent: [ '3.0.0' ],
70 silly audit   'reduce-css-calc': [ '2.1.8' ],
70 silly audit   regenerate: [ '1.4.2' ],
70 silly audit   'regenerate-unicode-properties': [ '10.0.1' ],
70 silly audit   'regenerator-runtime': [ '0.13.9' ],
70 silly audit   'regenerator-transform': [ '0.14.5' ],
70 silly audit   'regex-parser': [ '2.2.11' ],
70 silly audit   'regexp.prototype.flags': [ '1.4.1' ],
70 silly audit   regexpp: [ '3.2.0' ],
70 silly audit   'regexpu-core': [ '5.0.1' ],
70 silly audit   regjsgen: [ '0.6.0' ],
70 silly audit   regjsparser: [ '0.8.4' ],
70 silly audit   relateurl: [ '0.2.7' ],
70 silly audit   renderkid: [ '3.0.0' ],
70 silly audit   'require-directory': [ '2.1.1' ],
70 silly audit   'require-from-string': [ '2.0.2' ],
70 silly audit   'requires-port': [ '1.0.0' ],
70 silly audit   'resize-observer-polyfill': [ '1.5.1' ],
70 silly audit   'resolve-cwd': [ '3.0.0' ],
70 silly audit   'resolve-url-loader': [ '4.0.0' ],
70 silly audit   'resolve.exports': [ '1.1.0' ],
70 silly audit   retry: [ '0.13.1' ],
70 silly audit   reusify: [ '1.0.4' ],
70 silly audit   rifm: [ '0.12.1' ],
70 silly audit   rimraf: [ '3.0.2' ],
70 silly audit   rollup: [ '2.68.0' ],
70 silly audit   'rollup-plugin-terser': [ '7.0.2' ],
70 silly audit   'serialize-javascript': [ '4.0.0', '6.0.0' ],
70 silly audit   'run-parallel': [ '1.2.0' ],
70 silly audit   'safer-buffer': [ '2.1.2' ],
70 silly audit   'sanitize.css': [ '13.0.0' ],
70 silly audit   'sass-loader': [ '12.6.0' ],
70 silly audit   sax: [ '1.2.4' ],
70 silly audit   saxes: [ '5.0.1' ],
70 silly audit   scheduler: [ '0.20.2' ],
70 silly audit   'select-hose': [ '2.0.0' ],
70 silly audit   selfsigned: [ '2.0.0' ],
70 silly audit   send: [ '0.17.2' ],
70 silly audit   'serve-index': [ '1.9.1' ],
70 silly audit   setprototypeof: [ '1.1.0', '1.2.0' ],
70 silly audit   'serve-static': [ '1.14.2' ],
70 silly audit   'shebang-command': [ '2.0.0' ],
70 silly audit   'shebang-regex': [ '3.0.0' ],
70 silly audit   'shell-quote': [ '1.7.3' ],
70 silly audit   'side-channel': [ '1.0.4' ],
70 silly audit   'signal-exit': [ '3.0.7' ],
70 silly audit   sisteransi: [ '1.0.5' ],
70 silly audit   sockjs: [ '0.3.24' ],
70 silly audit   'source-list-map': [ '2.0.1' ],
70 silly audit   'source-map-js': [ '1.0.2' ],
70 silly audit   'source-map-loader': [ '3.0.1' ],
70 silly audit   'source-map-resolve': [ '0.6.0' ],
70 silly audit   'source-map-support': [ '0.5.21' ],
70 silly audit   'sourcemap-codec': [ '1.4.8' ],
70 silly audit   spdy: [ '4.0.2' ],
70 silly audit   'spdy-transport': [ '3.0.0' ],
70 silly audit   'sprintf-js': [ '1.0.3' ],
70 silly audit   stable: [ '0.1.8' ],
70 silly audit   'stack-utils': [ '2.0.5' ],
70 silly audit   stackframe: [ '1.2.1' ],
70 silly audit   statuses: [ '1.5.0' ],
70 silly audit   'string-natural-compare': [ '3.0.1' ],
70 silly audit   'string-width': [ '4.2.3' ],
70 silly audit   'string.prototype.matchall': [ '4.0.6' ],
70 silly audit   'string.prototype.trimend': [ '1.0.4' ],
70 silly audit   'string.prototype.trimstart': [ '1.0.4' ],
70 silly audit   'stringify-object': [ '3.3.0' ],
70 silly audit   'strip-bom': [ '4.0.0', '3.0.0' ],
70 silly audit   'strip-comments': [ '2.0.1' ],
70 silly audit   'strip-final-newline': [ '2.0.0' ],
70 silly audit   'strip-indent': [ '3.0.0' ],
70 silly audit   'strip-json-comments': [ '3.1.1' ],
70 silly audit   'style-loader': [ '3.3.1' ],
70 silly audit   stylehacks: [ '5.0.3' ],
70 silly audit   stylis: [ '4.0.13' ],
70 silly audit   'supports-hyperlinks': [ '2.2.0' ],
70 silly audit   'supports-preserve-symlinks-flag': [ '1.0.0' ],
70 silly audit   'svg-parser': [ '2.0.4' ],
70 silly audit   'symbol-tree': [ '3.2.4' ],
70 silly audit   tailwindcss: [ '3.0.23' ],
70 silly audit   'temp-dir': [ '2.0.0' ],
70 silly audit   tempy: [ '0.6.0' ],
70 silly audit   'terminal-link': [ '2.1.1' ],
70 silly audit   terser: [ '5.11.0' ],
70 silly audit   'terser-webpack-plugin': [ '5.3.1' ],
70 silly audit   'test-exclude': [ '6.0.0' ],
70 silly audit   'text-table': [ '0.2.0' ],
70 silly audit   throat: [ '6.0.1' ],
70 silly audit   thunky: [ '1.1.0' ],
70 silly audit   timsort: [ '0.3.0' ],
70 silly audit   'tiny-warning': [ '1.0.3' ],
70 silly audit   tmpl: [ '1.0.5' ],
70 silly audit   'to-fast-properties': [ '2.0.0' ],
70 silly audit   'to-regex-range': [ '5.0.1' ],
70 silly audit   toidentifier: [ '1.0.1' ],
70 silly audit   'tough-cookie': [ '4.0.0' ],
70 silly audit   universalify: [ '0.1.2', '2.0.0' ],
70 silly audit   tr46: [ '2.1.0', '1.0.1' ],
70 silly audit   tryer: [ '1.0.1' ],
70 silly audit   'tsconfig-paths': [ '3.12.0' ],
70 silly audit   tslib: [ '2.3.1', '1.14.1' ],
70 silly audit   tsutils: [ '3.21.0' ],
70 silly audit   'type-detect': [ '4.0.8' ],
70 silly audit   'type-is': [ '1.6.18' ],
70 silly audit   'typedarray-to-buffer': [ '3.1.5' ],
70 silly audit   typescript: [ '4.5.5' ],
70 silly audit   'unbox-primitive': [ '1.0.1' ],
70 silly audit   'unicode-canonical-property-names-ecmascript': [ '2.0.0' ],
70 silly audit   'unicode-match-property-ecmascript': [ '2.0.0' ],
70 silly audit   'unicode-match-property-value-ecmascript': [ '2.0.0' ],
70 silly audit   'unicode-property-aliases-ecmascript': [ '2.0.0' ],
70 silly audit   'unique-string': [ '2.0.0' ],
70 silly audit   unpipe: [ '1.0.0' ],
70 silly audit   unquote: [ '1.1.1' ],
70 silly audit   upath: [ '1.2.0' ],
70 silly audit   'uri-js': [ '4.4.1' ],
70 silly audit   'util-deprecate': [ '1.0.2' ],
70 silly audit   'util.promisify': [ '1.0.1' ],
70 silly audit   utila: [ '0.4.0' ],
70 silly audit   'utils-merge': [ '1.0.1' ],
70 silly audit   uuid: [ '8.3.2' ],
70 silly audit   'v8-compile-cache': [ '2.3.0' ],
70 silly audit   'v8-to-istanbul': [ '8.1.1' ],
70 silly audit   vary: [ '1.1.2' ],
70 silly audit   'w3c-hr-time': [ '1.0.2' ],
70 silly audit   'w3c-xmlserializer': [ '2.0.0' ],
70 silly audit   walker: [ '1.0.8' ],
70 silly audit   watchpack: [ '2.3.1' ],
70 silly audit   wbuf: [ '1.7.3' ],
70 silly audit   'web-vitals': [ '2.1.4' ],
70 silly audit   webpack: [ '5.69.1' ],
70 silly audit   'webpack-dev-middleware': [ '5.3.1' ],
70 silly audit   'webpack-dev-server': [ '4.7.4' ],
70 silly audit   ws: [ '8.5.0', '7.5.7' ],
70 silly audit   'webpack-manifest-plugin': [ '4.1.1' ],
70 silly audit   'webpack-sources': [ '2.3.1', '3.2.3', '1.4.3' ],
70 silly audit   'websocket-driver': [ '0.7.4' ],
70 silly audit   'websocket-extensions': [ '0.1.4' ],
70 silly audit   'whatwg-encoding': [ '1.0.5' ],
70 silly audit   'whatwg-fetch': [ '3.6.2' ],
70 silly audit   'whatwg-mimetype': [ '2.3.0' ],
70 silly audit   'whatwg-url': [ '8.7.0', '7.1.0' ],
70 silly audit   'which-boxed-primitive': [ '1.0.2' ],
70 silly audit   'word-wrap': [ '1.2.3' ],
70 silly audit   'workbox-background-sync': [ '6.5.0' ],
70 silly audit   'workbox-broadcast-update': [ '6.5.0' ],
70 silly audit   'workbox-build': [ '6.5.0' ],
70 silly audit   '@apideck/better-ajv-errors': [ '0.3.3' ],
70 silly audit   'workbox-cacheable-response': [ '6.5.0' ],
70 silly audit   'workbox-core': [ '6.5.0' ],
70 silly audit   'workbox-expiration': [ '6.5.0' ],
70 silly audit   'workbox-google-analytics': [ '6.5.0' ],
70 silly audit   'workbox-navigation-preload': [ '6.5.0' ],
70 silly audit   'workbox-precaching': [ '6.5.0' ],
70 silly audit   'workbox-range-requests': [ '6.5.0' ],
70 silly audit   'workbox-recipes': [ '6.5.0' ],
70 silly audit   'workbox-routing': [ '6.5.0' ],
70 silly audit   'workbox-strategies': [ '6.5.0' ],
70 silly audit   'workbox-streams': [ '6.5.0' ],
70 silly audit   'workbox-sw': [ '6.5.0' ],
70 silly audit   'workbox-webpack-plugin': [ '6.5.0' ],
70 silly audit   'workbox-window': [ '6.5.0' ],
70 silly audit   'wrap-ansi': [ '7.0.0' ],
70 silly audit   wrappy: [ '1.0.2' ],
70 silly audit   'write-file-atomic': [ '3.0.3' ],
70 silly audit   'xml-name-validator': [ '3.0.0' ],
70 silly audit   xmlchars: [ '2.2.0' ],
70 silly audit   xtend: [ '4.0.2' ],
70 silly audit   y18n: [ '5.0.8' ],
70 silly audit   yallist: [ '4.0.0' ],
70 silly audit   yaml: [ '1.10.2' ],
70 silly audit   yargs: [ '16.2.0' ],
70 silly audit   'yargs-parser': [ '20.2.9' ],
70 silly audit   'yocto-queue': [ '0.1.0' ],
70 silly audit   '@mui/lab': [ '5.0.0-alpha.70' ]
70 silly audit }
71 silly tarball no local data for @mui/lab@https://registry.npmjs.org/@mui/lab/-/lab-5.0.0-alpha.70.tgz. Extracting by manifest.
72 silly tarball no local data for @date-io/luxon@https://registry.npmjs.org/@date-io/luxon/-/luxon-2.13.1.tgz. Extracting by manifest.
73 silly tarball no local data for @date-io/date-fns@https://registry.npmjs.org/@date-io/date-fns/-/date-fns-2.13.1.tgz. Extracting by manifest.
74 silly tarball no local data for @date-io/dayjs@https://registry.npmjs.org/@date-io/dayjs/-/dayjs-2.13.1.tgz. Extracting by manifest.
75 silly tarball no local data for @date-io/moment@https://registry.npmjs.org/@date-io/moment/-/moment-2.13.1.tgz. Extracting by manifest.
76 silly tarball no local data for rifm@https://registry.npmjs.org/rifm/-/rifm-0.12.1.tgz. Extracting by manifest.
77 silly tarball no local data for date-fns@https://registry.npmjs.org/date-fns/-/date-fns-2.28.0.tgz. Extracting by manifest.
78 silly tarball no local data for @date-io/core@https://registry.npmjs.org/@date-io/core/-/core-2.13.1.tgz. Extracting by manifest.
79 http fetch GET 200 https://registry.npmjs.org/rifm/-/rifm-0.12.1.tgz 101ms (cache miss)
80 timing reifyNode:node_modules/rifm Completed in 112ms
81 http fetch POST 200 https://registry.npmjs.org/-/npm/v1/security/advisories/bulk 222ms
82 timing auditReport:getReport Completed in 228ms
83 silly audit report {
83 silly audit report   'nth-check': [
83 silly audit report     {
83 silly audit report       id: 1004967,
83 silly audit report       url: 'https://github.com/advisories/GHSA-rp65-9cf3-cjxr',
83 silly audit report       title: 'Inefficient Regular Expression Complexity in nth-check',
83 silly audit report       severity: 'moderate',
83 silly audit report       vulnerable_versions: '<2.0.1'
83 silly audit report     }
83 silly audit report   ]
83 silly audit report }
84 timing metavuln:cache:get:security-advisory:nth-check:phzbT+HCVgpA1C0GvSQ+THzeiYTr85AjCi0uOiMdmcC5FQFZSg2cAxsM7WmntPfv9aYplGKdCep6sPcOzXhQDw== Completed in 1ms
85 http fetch GET 200 https://registry.npmjs.org/@date-io/date-fns/-/date-fns-2.13.1.tgz 424ms (cache miss)
86 timing reifyNode:node_modules/@date-io/date-fns Completed in 431ms
87 http fetch GET 200 https://registry.npmjs.org/@date-io/core/-/core-2.13.1.tgz 739ms (cache miss)
88 timing reifyNode:node_modules/@date-io/core Completed in 754ms
89 http fetch GET 200 https://registry.npmjs.org/@date-io/luxon/-/luxon-2.13.1.tgz 770ms (cache miss)
90 timing reifyNode:node_modules/@date-io/luxon Completed in 775ms
91 http fetch GET 200 https://registry.npmjs.org/@date-io/moment/-/moment-2.13.1.tgz 800ms (cache miss)
92 timing reifyNode:node_modules/@date-io/moment Completed in 810ms
93 http fetch GET 200 https://registry.npmjs.org/@date-io/dayjs/-/dayjs-2.13.1.tgz 804ms (cache miss)
94 timing reifyNode:node_modules/@date-io/dayjs Completed in 813ms
95 http fetch GET 200 https://registry.npmjs.org/nth-check 680ms (cache miss)
96 timing metavuln:packument:nth-check Completed in 680ms
97 timing metavuln:load:security-advisory:nth-check:1004967 Completed in 1ms
98 timing metavuln:cache:put:security-advisory:nth-check:phzbT+HCVgpA1C0GvSQ+THzeiYTr85AjCi0uOiMdmcC5FQFZSg2cAxsM7WmntPfv9aYplGKdCep6sPcOzXhQDw== Completed in 10ms
99 timing metavuln:calculate:security-advisory:nth-check:1004967 Completed in 691ms
100 timing metavuln:cache:get:security-advisory:css-select:QvKraIGpcyVxEwFP0qxpEFcY9Kx8ThCeiILkMKxPQIjEnGuEnh3anOmKy/kR5kMZzYPfqYeVltD9/X58U3TjZA== Completed in 0ms
101 http fetch GET 200 https://registry.npmjs.org/@mui/lab/-/lab-5.0.0-alpha.70.tgz 1321ms (cache miss)
102 timing reifyNode:node_modules/@mui/lab Completed in 1326ms
103 http fetch GET 200 https://registry.npmjs.org/css-select 686ms (cache miss)
104 timing metavuln:packument:css-select Completed in 687ms
105 timing metavuln:load:security-advisory:css-select:phzbT+HCVgpA1C0GvSQ+THzeiYTr85AjCi0uOiMdmcC5FQFZSg2cAxsM7WmntPfv9aYplGKdCep6sPcOzXhQDw== Completed in 1ms
106 timing metavuln:cache:put:security-advisory:css-select:QvKraIGpcyVxEwFP0qxpEFcY9Kx8ThCeiILkMKxPQIjEnGuEnh3anOmKy/kR5kMZzYPfqYeVltD9/X58U3TjZA== Completed in 5ms
107 timing metavuln:calculate:security-advisory:css-select:phzbT+HCVgpA1C0GvSQ+THzeiYTr85AjCi0uOiMdmcC5FQFZSg2cAxsM7WmntPfv9aYplGKdCep6sPcOzXhQDw== Completed in 693ms
108 timing metavuln:cache:get:security-advisory:svgo:OHZB6d+CGzzJH+SGXY8su3iJlNH1NaDqhuoKFdPTyWeAjlh6ziaxYy3xIs9UP2Db/gO8IGXhgy1CK5CKZYcXwQ== Completed in 1ms
109 http fetch GET 200 https://registry.npmjs.org/svgo 44ms (cache miss)
110 timing metavuln:packument:svgo Completed in 46ms
111 timing metavuln:load:security-advisory:svgo:QvKraIGpcyVxEwFP0qxpEFcY9Kx8ThCeiILkMKxPQIjEnGuEnh3anOmKy/kR5kMZzYPfqYeVltD9/X58U3TjZA== Completed in 2ms
112 timing metavuln:cache:put:security-advisory:svgo:OHZB6d+CGzzJH+SGXY8su3iJlNH1NaDqhuoKFdPTyWeAjlh6ziaxYy3xIs9UP2Db/gO8IGXhgy1CK5CKZYcXwQ== Completed in 10ms
113 timing metavuln:calculate:security-advisory:svgo:QvKraIGpcyVxEwFP0qxpEFcY9Kx8ThCeiILkMKxPQIjEnGuEnh3anOmKy/kR5kMZzYPfqYeVltD9/X58U3TjZA== Completed in 58ms
114 timing metavuln:cache:get:security-advisory:@svgr/plugin-svgo:Y6Uz1R+7eFJi7z9OuDLVFqOqoa+KNEJXoDBaJOvNkGbMybgpFGFyUp3+/hgnlcnP6e++1CmOu8Xd7rAkpDq1oA== Completed in 0ms
115 http fetch GET 200 https://registry.npmjs.org/@svgr%2fplugin-svgo 1364ms (cache miss)
116 timing metavuln:packument:@svgr/plugin-svgo Completed in 1364ms
117 timing metavuln:load:security-advisory:@svgr/plugin-svgo:OHZB6d+CGzzJH+SGXY8su3iJlNH1NaDqhuoKFdPTyWeAjlh6ziaxYy3xIs9UP2Db/gO8IGXhgy1CK5CKZYcXwQ== Completed in 1ms
118 timing metavuln:cache:put:security-advisory:@svgr/plugin-svgo:Y6Uz1R+7eFJi7z9OuDLVFqOqoa+KNEJXoDBaJOvNkGbMybgpFGFyUp3+/hgnlcnP6e++1CmOu8Xd7rAkpDq1oA== Completed in 9ms
119 timing metavuln:calculate:security-advisory:@svgr/plugin-svgo:OHZB6d+CGzzJH+SGXY8su3iJlNH1NaDqhuoKFdPTyWeAjlh6ziaxYy3xIs9UP2Db/gO8IGXhgy1CK5CKZYcXwQ== Completed in 1374ms
120 timing metavuln:cache:get:security-advisory:@svgr/webpack:9FU+S2nJEE9qkmhw2e9Qf+9r/PGgNQ8ZoC8exzk0iSJUeIPgYWWBDoxV2liO7htWV1W8bttqd7DeVRnSLtQfNA== Completed in 1ms
121 http fetch GET 200 https://registry.npmjs.org/date-fns/-/date-fns-2.28.0.tgz 3048ms (cache miss)
122 timing reifyNode:node_modules/date-fns Completed in 3061ms
123 timing reify:unpack Completed in 3062ms
124 timing reify:unretire Completed in 0ms
125 timing build:queue Completed in 0ms
126 timing build:deps Completed in 0ms
127 timing build Completed in 0ms
128 timing reify:build Completed in 1ms
129 timing reify:trash Completed in 0ms
130 timing reify:save Completed in 100ms
131 http fetch GET 200 https://registry.npmjs.org/@svgr%2fwebpack 1335ms (cache miss)
132 timing metavuln:packument:@svgr/webpack Completed in 1336ms
133 timing metavuln:load:security-advisory:@svgr/webpack:Y6Uz1R+7eFJi7z9OuDLVFqOqoa+KNEJXoDBaJOvNkGbMybgpFGFyUp3+/hgnlcnP6e++1CmOu8Xd7rAkpDq1oA== Completed in 2ms
134 timing metavuln:cache:put:security-advisory:@svgr/webpack:9FU+S2nJEE9qkmhw2e9Qf+9r/PGgNQ8ZoC8exzk0iSJUeIPgYWWBDoxV2liO7htWV1W8bttqd7DeVRnSLtQfNA== Completed in 1ms
135 timing metavuln:calculate:security-advisory:@svgr/webpack:Y6Uz1R+7eFJi7z9OuDLVFqOqoa+KNEJXoDBaJOvNkGbMybgpFGFyUp3+/hgnlcnP6e++1CmOu8Xd7rAkpDq1oA== Completed in 1340ms
136 timing metavuln:cache:get:security-advisory:react-scripts:IxmbYQwbfx1OM+t5jacV0IuBwTPOeRze73fJRsKpJhch5By5il4jatxcvsPLEimK5AamC6GEhMc9hyiVH08NBg== Completed in 0ms
137 http fetch GET 200 https://registry.npmjs.org/react-scripts 53ms (cache miss)
138 timing metavuln:packument:react-scripts Completed in 55ms
139 timing metavuln:load:security-advisory:react-scripts:9FU+S2nJEE9qkmhw2e9Qf+9r/PGgNQ8ZoC8exzk0iSJUeIPgYWWBDoxV2liO7htWV1W8bttqd7DeVRnSLtQfNA== Completed in 2ms
140 timing metavuln:cache:put:security-advisory:react-scripts:IxmbYQwbfx1OM+t5jacV0IuBwTPOeRze73fJRsKpJhch5By5il4jatxcvsPLEimK5AamC6GEhMc9hyiVH08NBg== Completed in 1ms
141 timing metavuln:calculate:security-advisory:react-scripts:9FU+S2nJEE9qkmhw2e9Qf+9r/PGgNQ8ZoC8exzk0iSJUeIPgYWWBDoxV2liO7htWV1W8bttqd7DeVRnSLtQfNA== Completed in 58ms
142 timing auditReport:init Completed in 4219ms
143 timing reify:audit Completed in 4448ms
144 timing reify Completed in 9934ms
145 silly ADD node_modules/@mui/lab
146 silly ADD node_modules/rifm
147 silly ADD node_modules/date-fns
148 silly ADD node_modules/@date-io/moment
149 silly ADD node_modules/@date-io/luxon
150 silly ADD node_modules/@date-io/dayjs
151 silly ADD node_modules/@date-io/date-fns
152 silly ADD node_modules/@date-io/core
153 timing command:install Completed in 9943ms
154 verbose exit 0
155 timing npm Completed in 10099ms
156 info ok
